2025-07-20 19:14:15.839 INFO match.go:41 main.main 初始化redis配置

2025-07-20 19:14:15.839 INFO match.go:41 main.main 初始化redis配置
2025-07-20 19:14:15.890 INFO match.go:47 main.main 启动框架服务
2025-07-20 19:14:15.894 INFO etcd.go:66 discovery.(*Etcd).Watch 添加服务节点：name:"Game"  addr:"localhost:10601"  type:NodeTypeGame  id:1
2025-07-20 19:14:15.894 INFO etcd.go:66 discovery.(*Etcd).Watch 添加服务节点：name:"Game"  addr:"localhost:10601"  type:NodeTypeGame  id:1
2025-07-20 19:14:15.894 INFO etcd.go:66 discovery.(*Etcd).Watch 添加服务节点：name:"Game"  addr:"localhost:10601"  type:NodeTypeGame  i2025-07-20 19:14:15.894 INFO etcd.go:66 discovery.(*Etcd).Watch 添加服务节点：name:"Game"  addr:"localhost:10601"  type:NodeTypeGame  id:1
 id:1
2025-07-20 19:14:15.894 INFO etcd.go:66 discovery.(*Etcd).Watch 添加服务节点：name:"Game"  addr:"localhost:10601"  type:NodeTypeGame  i2025-07-20 19:14:15.894 INFO etcd.go:66 discovery.(*Etcd).Watch 添加服务节点：name:"Game"  addr:"localhost:10601"  type:NodeTypeGame  id:1
2025-07-20 19:14:15.896 INFO etcd.go:103 discovery.(*Etcd).handleEvent 添加服务节点: name:"Match"  addr:"localhost:10301"  type:NodeTypeMatch  id:1
2025-07-20 19:14:15.898 INFO match.go:51 main.main 初始化功能模块
2025-07-20 19:14:47.588 INFO match.go:41 main.main 初始化redis配置

2025-07-20 19:14:47.588 INFO match.go:41 main.main 初始化redis配置
2025-07-20 19:14:47.602 INFO match.go:47 main.main 启动框架服务
2025-07-20 19:14:47.608 INFO etcd.go:66 discovery.(*Etcd).Watch 添加服务节点：name:"Game"  addr:"localhost:10601"  type:NodeTypeGame  id:1
2025-07-20 19:14:47.608 INFO etcd.go:66 discovery.(*Etcd).Watch 添加服务节点：name:"Game"  addr:"localhost:10601"  type:NodeTypeGame  id:1
2025-07-20 19:14:47.608 INFO etcd.go:66 discovery.(*Etcd).Watch 添加服务节点：name:"Game"  addr:"localhost:10601"  type:NodeTypeGame  i2025-07-20 19:14:47.608 INFO etcd.go:66 discovery.(*Etcd).Watch 添加服务节点：name:"Game"  addr:"localhost:10601"  type:NodeTypeGame  id:1
 id:1
2025-07-20 19:14:47.608 INFO etcd.go:66 discovery.(*Etcd).Watch 添加服务节点：name:"Game"  addr:"localhost:10601"  type:NodeTypeGame  i2025-07-20 19:14:47.608 INFO etcd.go:66 discovery.(*Etcd).Watch 添加服务节点：name:"Game"  addr:"localhost:10601"  type:NodeTypeGame  id:1
2025-07-20 19:14:47.610 INFO etcd.go:103 discovery.(*Etcd).handleEvent 添加服务节点: name:"Match"  addr:"localhost:10301"  type:NodeTypeMatch  id:1
2025-07-20 19:14:47.612 INFO match.go:51 main.main 初始化功能模块
2025-07-20 19:16:26.023 INFO match.go:41 main.main 初始化redis配置

2025-07-20 19:16:26.023 INFO match.go:41 main.main 初始化redis配置
2025-07-20 19:16:26.031 INFO match.go:47 main.main 启动框架服务
2025-07-20 19:16:26.035 INFO etcd.go:66 discovery.(*Etcd).Watch 添加服务节点：name:"Game"  addr:"localhost:10601"  type:NodeTypeGame  id:1
2025-07-20 19:16:26.035 INFO etcd.go:66 discovery.(*Etcd).Watch 添加服务节点：name:"Game"  addr:"localhost:10601"  type:NodeTypeGame  id:1
2025-07-20 19:16:26.035 INFO etcd.go:66 discovery.(*Etcd).Watch 添加服务节点：name:"Game"  addr:"localhost:10601"  type:NodeTypeGame  i2025-07-20 19:16:26.035 INFO etcd.go:66 discovery.(*Etcd).Watch 添加服务节点：name:"Game"  addr:"localhost:10601"  type:NodeTypeGame  id:1
 id:1
2025-07-20 19:16:26.035 INFO etcd.go:66 discovery.(*Etcd).Watch 添加服务节点：name:"Game"  addr:"localhost:10601"  type:NodeTypeGame  i2025-07-20 19:16:26.035 INFO etcd.go:66 discovery.(*Etcd).Watch 添加服务节点：name:"Game"  addr:"localhost:10601"  type:NodeTypeGame  id:1
2025-07-20 19:16:26.037 INFO etcd.go:103 discovery.(*Etcd).handleEvent 添加服务节点: name:"Match"  addr:"localhost:10301"  type:NodeTypeMatch  id:1
2025-07-20 19:16:26.039 INFO match.go:51 main.main 初始化功能模块
2025-07-20 19:17:05.558 INFO match.go:41 main.main 初始化redis配置

2025-07-20 19:17:05.558 INFO match.go:41 main.main 初始化redis配置
2025-07-20 19:17:05.571 INFO match.go:47 main.main 启动框架服务
2025-07-20 19:17:05.574 INFO etcd.go:66 discovery.(*Etcd).Watch 添加服务节点：name:"Builder"  addr:"localhost:10501"  type:NodeTypeBuilder 2025-07-20 19:17:05.574 INFO etcd.go:66 discovery.(*Etcd).Watch 添加服务节点：name:"Builder"  addr:"localhost:10501"  type:NodeTypeBuilder 2025-07-20 19:17:05.574 INFO etcd.go:66 discovery.(*Etcd).Watch 添加服务节点：name:"Gm"  addr:"localhost:10701"  type:NodeTypeGm  id:1
2025-07-20 19:17:05.574 INFO etcd.go:66 discovery.(*Etcd).Watch 添加服务节点：name:"Gm"  addr:"localhost:10701"  type:NodeTypeGm  id:1
der  id:1
2025-07-20 19:17:05.574 INFO etcd.go:66 discovery.(*Etcd).Watch 添加服务节点：name:"Game"  addr:"localhost:10601"  type:NodeTypeGame  i2025-07-20 19:17:05.574 INFO etcd.go:66 discovery.(*Etcd).Watch 添加服务节点：name:"Game"  addr:"localhost:10601"  type:NodeTypeGame  id:1
2025-07-20 19:17:05.576 INFO etcd.go:103 discovery.(*Etcd).handleEvent 添加服务节点: name:"Match"  addr:"localhost:10301"  type:NodeTypeMatch  id:1
2025-07-20 19:17:05.578 INFO match.go:51 main.main 初始化功能模块
2025-07-20 19:18:55.296 INFO match.go:41 main.main 初始化redis配置

2025-07-20 19:18:55.296 INFO match.go:41 main.main 初始化redis配置
2025-07-20 19:18:55.310 INFO match.go:47 main.main 启动框架服务
2025-07-20 19:18:55.315 INFO etcd.go:66 discovery.(*Etcd).Watch 添加服务节点：name:"Gm" addr:"localhost:10701" type:NodeTypeGm id:1
lder2025-07-20 19:18:55.315 INFO etcd.go:66 discovery.(*Etcd).Watch 添加服务节点：name:"Gm" addr:"localhost:10701" type:NodeTypeGm id:1
lder2025-07-20 19:18:55.315 INFO etcd.go:66 discovery.(*Etcd).Watch 添加服务节点：name:"Gm" addr:"localhost:10701" type:NodeTypeGm id:1
2025-07-20 19:18:55.315 INFO etcd.go:66 discovery.(*Etcd).Watch 添加服务节点：name:"Gm" addr:"localhost:10701" type:NodeTypeGm id:1
lder id:1
2025-07-20 19:18:55.315 INFO etcd.go:66 discovery.(*Etcd).Watch 添加服务节点：name:"Gm" addr:"localhost:10701" type:NodeTypeGm id:1
2025-07-20 19:18:55.315 INFO etcd.go:66 discovery.(*Etcd).Watch 添加服务节点：name:"Game" addr:"localhost:10601" type:NodeTypeGame id:1
2025-07-20 19:18:55.316 INFO etcd.go:103 discovery.(*Etcd).handleEvent 添加服务节点: name:"Match" addr:"localhost:10301" type:NodeTypeMatch id:1
2025-07-20 19:18:55.318 INFO match.go:51 main.main 初始化功能模块
2025-07-20 19:24:50.196 INFO match.go:41 main.main 初始化redis配置

2025-07-20 19:24:50.196 INFO match.go:41 main.main 初始化redis配置
2025-07-20 19:24:50.209 INFO match.go:47 main.main 启动框架服务
2025-07-20 19:24:50.214 INFO etcd.go:66 discovery.(*Etcd).Watch 添加服务节点：name:"Game" addr:"localhost:10601" type:NodeTypeGame id:1
2025-07-20 19:24:50.214 INFO etcd.go:66 discovery.(*Etcd).Watch 添加服务节点：name:"Game" addr:"localhost:10601" type:NodeTypeGame id:1
2025-07-20 19:24:50.214 INFO etcd.go:66 discovery.(*Etcd).Watch 添加服务节点：name:"Game" addr:"localhost:10601" type:NodeTypeGame i2025-07-20 19:24:50.214 INFO etcd.go:66 discovery.(*Etcd).Watch 添加服务节点：name:"Game" addr:"localhost:10601" type:NodeTypeGame id:1
 id:1
2025-07-20 19:24:50.214 INFO etcd.go:66 discovery.(*Etcd).Watch 添加服务节点：name:"Game" addr:"localhost:10601" type:NodeTypeGame i2025-07-20 19:24:50.214 INFO etcd.go:66 discovery.(*Etcd).Watch 添加服务节点：name:"Game" addr:"localhost:10601" type:NodeTypeGame id:1
2025-07-20 19:24:50.216 INFO etcd.go:103 discovery.(*Etcd).handleEvent 添加服务节点: name:"Match" addr:"localhost:10301" type:NodeTypeMatch id:1
2025-07-20 19:24:50.218 INFO match.go:51 main.main 初始化功能模块
